#
# A fatal error has been detected by the Java Runtime Environment:
#
#  SIGSEGV (0xb) at pc=0x000000010414e4a1, pid=95717, tid=16899
#
# JRE version: Java(TM) SE Runtime Environment (9.0+11) (build 9.0.1+11)
# Java VM: Java HotSpot(TM) 64-Bit Server VM (9.0.1+11, mixed mode, tiered, compressed oops, g1 gc, bsd-amd64)
# Problematic frame:
# V  [libjvm.dylib+0x34e4a1]  GenerateOopMap::bb_mark_fct(GenerateOopMap*, int, int*)+0x19
#
# No core dump will be written. Core dumps have been disabled. To enable core dumping, try "ulimit -c unlimited" before starting Java again
#
# If you would like to submit a bug report, please visit:
#   http://bugreport.java.com/bugreport/crash.jsp
#

---------------  S U M M A R Y ------------

Command Line: -agentlib:jdwp=transport=dt_socket,address=127.0.0.1:51425,suspend=y,server=n -javaagent:/Users/billsheng/Library/Caches/IntelliJIdea2017.3/captureAgent/debugger-agent.jar=/private/var/folders/gs/j994lb6d5jb4j0bfsw94jgqw0000gn/T/capture.props -Dfile.encoding=UTF-8 com.company.DateClient

Host: MacBookPro10,1 x86_64 2400 MHz, 8 cores, 8G, Darwin 17.6.0
Time: Thu Sep 20 21:37:25 2018 EDT elapsed time: 248 seconds (0d 0h 4m 8s)

---------------  T H R E A D  ---------------

Current thread (0x00007fcf0081e000):  VMThread "VM Thread" [stack: 0x000070000572d000,0x000070000582d000] [id=16899]

Stack: [0x000070000572d000,0x000070000582d000],  sp=0x000070000582c650,  free space=1021k
Native frames: (J=compiled Java code, A=aot compiled Java code, j=interpreted, Vv=VM code, C=native code)
V  [libjvm.dylib+0x34e4a1]  GenerateOopMap::bb_mark_fct(GenerateOopMap*, int, int*)+0x19
V  [libjvm.dylib+0x34e6d6]  GenerateOopMap::jump_targets_do(BytecodeStream*, void (*)(GenerateOopMap*, int, int*), int*)+0x90
V  [libjvm.dylib+0x34e5ad]  GenerateOopMap::mark_bbheaders_and_count_gc_points()+0xe9
V  [libjvm.dylib+0x351939]  GenerateOopMap::compute_map(Thread*)+0x15d
V  [libjvm.dylib+0x5e7eb8]  OopMapForCacheEntry::compute_map(Thread*)+0x60
V  [libjvm.dylib+0x5e861c]  OopMapCacheEntry::fill(methodHandle, int)+0xe0
V  [libjvm.dylib+0x5e8ceb]  OopMapCache::compute_one_oop_map(methodHandle const&, int, InterpreterOopMap*)+0x12b
V  [libjvm.dylib+0x5e8b17]  OopMapCache::lookup(methodHandle const&, int, InterpreterOopMap*) const+0xa3
V  [libjvm.dylib+0x5b1e67]  Method::mask_for(int, InterpreterOopMap*)+0x61
V  [libjvm.dylib+0x4a6731]  VM_GetOrSetLocal::doit()+0x49
V  [libjvm.dylib+0x746727]  VM_Operation::evaluate()+0x8d
V  [libjvm.dylib+0x745d9c]  VMThread::evaluate_operation(VM_Operation*)+0xda
V  [libjvm.dylib+0x745a8e]  VMThread::loop()+0x2f6
V  [libjvm.dylib+0x7456b9]  VMThread::run()+0x75
V  [libjvm.dylib+0x5ef563]  thread_native_entry(Thread*)+0x12b
C  [libsystem_pthread.dylib+0x3661]  _pthread_body+0x154
C  [libsystem_pthread.dylib+0x350d]  _pthread_body+0x0
C  [libsystem_pthread.dylib+0x2bf9]  thread_start+0xd


siginfo: si_signo: 11 (SIGSEGV), si_code: 0 (unknown), si_addr: 0x0000000000000000

Register to memory mapping:

RAX=0x00000000ffffb617 is an unknown value
RBX=0x000070000582c858 is an unknown value
RCX=0x00007fcefce41b50 is an unknown value
RDX=0x03fffffffffffed8 is an unknown value
RSP=0x000070000582c650 is an unknown value
RBP=0x000070000582c660 is an unknown value
RSI=0xffffffffffffb617 is an unknown value
RDI=0x000070000582c858 is an unknown value
R8 =0x0000000000000000 is an unknown value
R9 =0x0000000000000013 is an unknown value
R10=0x00000000fffc0000 is an unknown value
R11=0x00007fcefce00000 is an unknown value
R12=0x000070000582c858 is an unknown value
R13=0x000000000000000f is an unknown value
R14=0x000000010414e488: _ZN14GenerateOopMap11bb_mark_fctEPS_iPi+0 in /Library/Java/JavaVirtualMachines/jdk-9.0.1.jdk/Contents/Home/lib/server/libjvm.dylib at 0x0000000103e00000
R15=0x0000000000000000 is an unknown value


Registers:
RAX=0x00000000ffffb617, RBX=0x000070000582c858, RCX=0x00007fcefce41b50, RDX=0x03fffffffffffed8
RSP=0x000070000582c650, RBP=0x000070000582c660, RSI=0xffffffffffffb617, RDI=0x000070000582c858
R8 =0x0000000000000000, R9 =0x0000000000000013, R10=0x00000000fffc0000, R11=0x00007fcefce00000
R12=0x000070000582c858, R13=0x000000000000000f, R14=0x000000010414e488, R15=0x0000000000000000
RIP=0x000000010414e4a1, EFLAGS=0x0000000000010a06, ERR=0x0000000000000000
  TRAPNO=0x000000000000000d

Top of Stack: (sp=0x000070000582c650)
0x000070000582c650:   0000000126aeb608 000070000582c601
0x000070000582c660:   000070000582c6c0 000000010414e6d6
0x000070000582c670:   000070000582c6e0 00000000ffffffff
0x000070000582c680:   000070000582c6c0 00000001043b5c91
0x000070000582c690:   0000000126aec898 000070000582c6e0
0x000070000582c6a0:   000070000582c858 0000000000000001
0x000070000582c6b0:   00000000000000a7 000000000000000f
0x000070000582c6c0:   000070000582c740 000000010414e5ad
0x000070000582c6d0:   0000000126aec926 0000000104140001
0x000070000582c6e0:   00007fcefcf0cc30 0000000126aec930
0x000070000582c6f0:   00007fcf0081e000 000000120000000f
0x000070000582c700:   000000a700000014 000000a700000000
0x000070000582c710:   fc1be4c4340300c1 000070000582c858
0x000070000582c720:   00007fcefce41b00 000070000582c9a0
0x000070000582c730:   00007fcf0081e000 00007fcefce41b00
0x000070000582c740:   000070000582c7e0 0000000104151939
0x000070000582c750:   fc1be4c434030000 0000000000000000
0x000070000582c760:   000000010456c45e 00007fffb3282600
0x000070000582c770:   ffffffffffffffff 0000000000000000
0x000070000582c780:   0000000000000000 00007fff7ab50100
0x000070000582c790:   0000000000000000 000070000582cb80
0x000070000582c7a0:   000070000582c700 0000000000000000
0x000070000582c7b0:   000000010459afda 0000000000000000
0x000070000582c7c0:   000070000582c858 000070000582c848
0x000070000582c7d0:   00007fcf0081e000 000070000582c858
0x000070000582c7e0:   000070000582c830 00000001043e7eb8
0x000070000582c7f0:   00007fcefcf0cc30 00007fcefce41aa0
0x000070000582c800:   00007fcefce41ab0 00007fcefce41e88
0x000070000582c810:   00000000000003d8 00007fcefce7b4e0
0x000070000582c820:   0000000000000013 000070000582c858
0x000070000582c830:   000070000582c990 00000001043e861c
0x000070000582c840:   fc1be4c4340300c1 0000000126aec930 

Instructions: (pc=0x000000010414e4a1)
0x000000010414e481:   28 5d e9 24 c2 de ff 55 48 89 e5 53 50 89 f0 48
0x000000010414e491:   89 fb 48 63 f0 48 8b 4b 70 48 89 f2 48 c1 ea 06
0x000000010414e4a1:   48 8b 0c d1 48 0f a3 c1 72 11 48 8d 7b 70 ba 01
0x000000010414e4b1:   00 00 00 e8 c5 c8 de ff ff 43 6c 48 83 c4 08 5b 

VM_Operation (0x000070000624a9e8): GetOrSetLocal, mode: safepoint, requested by thread 0x00007fcefe81e000


---------------  P R O C E S S  ---------------

Java Threads: ( => current thread )
  0x00007fcf00038800 JavaThread "Service Thread" daemon [_thread_blocked, id=38403, stack(0x0000700006454000,0x0000700006554000)]
  0x00007fcefd002000 JavaThread "JDWP Command Reader" daemon [_thread_in_native, id=38659, stack(0x0000700006351000,0x0000700006451000)]
  0x00007fcefe81e800 JavaThread "JDWP Event Helper Thread" daemon [_thread_blocked, id=38915, stack(0x000070000624e000,0x000070000634e000)]
  0x00007fcefe81e000 JavaThread "JDWP Transport Listener: dt_socket" daemon [_thread_blocked, id=39431, stack(0x000070000614b000,0x000070000624b000)]
  0x00007fcefe805000 JavaThread "Common-Cleaner" daemon [_thread_blocked, id=39939, stack(0x0000700006048000,0x0000700006148000)]
  0x00007fcefd80f800 JavaThread "Sweeper thread" daemon [_thread_blocked, id=40451, stack(0x0000700005f45000,0x0000700006045000)]
  0x00007fcf00820000 JavaThread "C1 CompilerThread3" daemon [_thread_blocked, id=40963, stack(0x0000700005e42000,0x0000700005f42000)]
  0x00007fcf0081f000 JavaThread "C2 CompilerThread2" daemon [_thread_blocked, id=25091, stack(0x0000700005d3f000,0x0000700005e3f000)]
  0x00007fcf01012800 JavaThread "C2 CompilerThread1" daemon [_thread_blocked, id=24835, stack(0x0000700005c3c000,0x0000700005d3c000)]
  0x00007fceff804800 JavaThread "C2 CompilerThread0" daemon [_thread_blocked, id=24323, stack(0x0000700005b39000,0x0000700005c39000)]
  0x00007fcf00019000 JavaThread "Signal Dispatcher" daemon [_thread_blocked, id=41739, stack(0x0000700005a36000,0x0000700005b36000)]
  0x00007fcefe0a3000 JavaThread "Finalizer" daemon [_thread_blocked, id=22531, stack(0x0000700005933000,0x0000700005a33000)]
  0x00007fcf00016000 JavaThread "Reference Handler" daemon [_thread_blocked, id=22019, stack(0x0000700005830000,0x0000700005930000)]
  0x00007fcf00002000 JavaThread "main" [_thread_blocked, id=9731, stack(0x00007000041ee000,0x00007000042ee000)]

Other Threads:
=>0x00007fcf0081e000 VMThread "VM Thread" [stack: 0x000070000572d000,0x000070000582d000] [id=16899]
  0x00007fcefe0cf800 WatcherThread [stack: 0x0000700006557000,0x0000700006657000] [id=37891]
  0x00007fcefe01c000 GCTaskThread "GC Thread#0" [stack: 0x00007000042f1000,0x00007000043f1000] [id=10755]
  0x00007fcefe01d000 GCTaskThread "GC Thread#1" [stack: 0x00007000043f4000,0x00007000044f4000] [id=11267]
  0x00007fcefe01d800 GCTaskThread "GC Thread#2" [stack: 0x00007000044f7000,0x00007000045f7000] [id=11523]
  0x00007fcefe01e000 GCTaskThread "GC Thread#3" [stack: 0x00007000045fa000,0x00007000046fa000] [id=12035]
  0x00007fcefe01e800 GCTaskThread "GC Thread#4" [stack: 0x00007000046fd000,0x00007000047fd000] [id=21251]
  0x00007fcefe01f800 GCTaskThread "GC Thread#5" [stack: 0x0000700004800000,0x0000700004900000] [id=20995]
  0x00007fcf0000b000 GCTaskThread "GC Thread#6" [stack: 0x0000700004903000,0x0000700004a03000] [id=20483]
  0x00007fceff801800 GCTaskThread "GC Thread#7" [stack: 0x0000700004a06000,0x0000700004b06000] [id=13059]
  0x00007fcf0000d800 ConcurrentGCThread "G1 Main Marker" [stack: 0x0000700005424000,0x0000700005524000] [id=17923]
  0x00007fcefe800800 ConcurrentGCThread "G1 Marker#0" [stack: 0x0000700005527000,0x0000700005627000] [id=16387]
  0x00007fcefd800800 ConcurrentGCThread "G1 Marker#1" [stack: 0x000070000562a000,0x000070000572a000] [id=16643]
  0x00007fcf00802800 ConcurrentGCThread "G1 Refine#0" [stack: 0x000070000521e000,0x000070000531e000] [id=18179]
  0x00007fcf00801800 ConcurrentGCThread "G1 Refine#1" [stack: 0x000070000511b000,0x000070000521b000] [id=18691]
  0x00007fcf00801000 ConcurrentGCThread "G1 Refine#2" [stack: 0x0000700005018000,0x0000700005118000] [id=18947]
  0x00007fcf00800000 ConcurrentGCThread "G1 Refine#3" [stack: 0x0000700004f15000,0x0000700005015000] [id=14339]
  0x00007fceff803800 ConcurrentGCThread "G1 Refine#4" [stack: 0x0000700004e12000,0x0000700004f12000] [id=14083]
  0x00007fceff803000 ConcurrentGCThread "G1 Refine#5" [stack: 0x0000700004d0f000,0x0000700004e0f000] [id=13827]
  0x00007fceff802000 ConcurrentGCThread "G1 Refine#6" [stack: 0x0000700004c0c000,0x0000700004d0c000] [id=19971]
  0x00007fcf0000b800 ConcurrentGCThread "G1 Refine#7" [stack: 0x0000700004b09000,0x0000700004c09000] [id=20227]
  0x00007fcf00803000 ConcurrentGCThread "G1 Young RemSet Sampling" [stack: 0x0000700005321000,0x0000700005421000] [id=15363]

Threads with active compile tasks:

VM state:at safepoint (normal execution)

VM Mutex/Monitor currently owned by a thread:  ([mutex/lock_event])
[0x00007fcefce0d540] Threads_lock - owner thread: 0x00007fcf0081e000

Heap address: 0x0000000740000000, size: 2048 MB, Compressed Oops mode: Zero based, Oop shift amount: 3
Narrow klass base: 0x0000000000000000, Narrow klass shift: 3
Compressed class space size: 1073741824 Address: 0x00000007c0000000

Heap:
 garbage-first heap   total 131072K, used 6144K [0x0000000740000000, 0x0000000740100400, 0x00000007c0000000)
  region size 1024K, 7 young (7168K), 0 survivors (0K)
 Metaspace       used 6803K, capacity 6986K, committed 7168K, reserved 1056768K
  class space    used 589K, capacity 641K, committed 768K, reserved 1048576K
Heap Regions: E=young(eden), S=young(survivor), O=old, HS=humongous(starts), HC=humongous(continues), CS=collection set, F=free, A=archive, TS=gc time stamp, AC=allocation context, TAMS=top-at-mark-start (previous, next)
|   0|0x0000000740000000, 0x0000000740000000, 0x0000000740100000|  0%| F|  |TS  0|AC  0|TAMS 0x0000000740000000, 0x0000000740000000|
|   1|0x0000000740100000, 0x0000000740100000, 0x0000000740200000|  0%| F|  |TS  0|AC  0|TAMS 0x0000000740100000, 0x0000000740100000|
|   2|0x0000000740200000, 0x0000000740200000, 0x0000000740300000|  0%| F|  |TS  0|AC  0|TAMS 0x0000000740200000, 0x0000000740200000|
|   3|0x0000000740300000, 0x0000000740300000, 0x0000000740400000|  0%| F|  |TS  0|AC  0|TAMS 0x0000000740300000, 0x0000000740300000|
|   4|0x0000000740400000, 0x0000000740400000, 0x0000000740500000|  0%| F|  |TS  0|AC  0|TAMS 0x0000000740400000, 0x0000000740400000|
|   5|0x0000000740500000, 0x0000000740500000, 0x0000000740600000|  0%| F|  |TS  0|AC  0|TAMS 0x0000000740500000, 0x0000000740500000|
|   6|0x0000000740600000, 0x0000000740600000, 0x0000000740700000|  0%| F|  |TS  0|AC  0|TAMS 0x0000000740600000, 0x0000000740600000|
|   7|0x0000000740700000, 0x0000000740700000, 0x0000000740800000|  0%| F|  |TS  0|AC  0|TAMS 0x0000000740700000, 0x0000000740700000|
|   8|0x0000000740800000, 0x0000000740800000, 0x0000000740900000|  0%| F|  |TS  0|AC  0|TAMS 0x0000000740800000, 0x0000000740800000|
|   9|0x0000000740900000, 0x0000000740900000, 0x0000000740a00000|  0%| F|  |TS  0|AC  0|TAMS 0x0000000740900000, 0x0000000740900000|
|  10|0x0000000740a00000, 0x0000000740a00000, 0x0000000740b00000|  0%| F|  |TS  0|AC  0|TAMS 0x0000000740a00000, 0x0000000740a00000|
|  11|0x0000000740b00000, 0x0000000740b00000, 0x0000000740c00000|  0%| F|  |TS  0|AC  0|TAMS 0x0000000740b00000, 0x0000000740b00000|
|  12|0x0000000740c00000, 0x0000000740c00000, 0x0000000740d00000|  0%| F|  |TS  0|AC  0|TAMS 0x0000000740c00000, 0x0000000740c00000|
|  13|0x0000000740d00000, 0x0000000740d00000, 0x0000000740e00000|  0%| F|  |TS  0|AC  0|TAMS 0x0000000740d00000, 0x0000000740d00000|
|  14|0x0000000740e00000, 0x0000000740e00000, 0x0000000740f00000|  0%| F|  |TS  0|AC  0|TAMS 0x0000000740e00000, 0x0000000740e00000|
|  15|0x0000000740f00000, 0x0000000740f00000, 0x0000000741000000|  0%| F|  |TS  0|AC  0|TAMS 0x0000000740f00000, 0x0000000740f00000|
|  16|0x0000000741000000, 0x0000000741000000, 0x0000000741100000|  0%| F|  |TS  0|AC  0|TAMS 0x0000000741000000, 0x0000000741000000|
|  17|0x0000000741100000, 0x0000000741100000, 0x0000000741200000|  0%| F|  |TS  0|AC  0|TAMS 0x0000000741100000, 0x0000000741100000|
|  18|0x0000000741200000, 0x0000000741200000, 0x0000000741300000|  0%| F|  |TS  0|AC  0|TAMS 0x0000000741200000, 0x0000000741200000|
|  19|0x0000000741300000, 0x0000000741300000, 0x0000000741400000|  0%| F|  |TS  0|AC  0|TAMS 0x0000000741300000, 0x0000000741300000|
|  20|0x0000000741400000, 0x0000000741400000, 0x0000000741500000|  0%| F|  |TS  0|AC  0|TAMS 0x0000000741400000, 0x0000000741400000|
|  21|0x0000000741500000, 0x0000000741500000, 0x0000000741600000|  0%| F|  |TS  0|AC  0|TAMS 0x0000000741500000, 0x0000000741500000|
|  22|0x0000000741600000, 0x0000000741600000, 0x0000000741700000|  0%| F|  |TS  0|AC  0|TAMS 0x0000000741600000, 0x0000000741600000|
|  23|0x0000000741700000, 0x0000000741700000, 0x0000000741800000|  0%| F|  |TS  0|AC  0|TAMS 0x0000000741700000, 0x0000000741700000|
|  24|0x0000000741800000, 0x0000000741800000, 0x0000000741900000|  0%| F|  |TS  0|AC  0|TAMS 0x0000000741800000, 0x0000000741800000|
|  25|0x0000000741900000, 0x0000000741900000, 0x0000000741a00000|  0%| F|  |TS  0|AC  0|TAMS 0x0000000741900000, 0x0000000741900000|
|  26|0x0000000741a00000, 0x0000000741a00000, 0x0000000741b00000|  0%| F|  |TS  0|AC  0|TAMS 0x0000000741a00000, 0x0000000741a00000|
|  27|0x0000000741b00000, 0x0000000741b00000, 0x0000000741c00000|  0%| F|  |TS  0|AC  0|TAMS 0x0000000741b00000, 0x0000000741b00000|
|  28|0x0000000741c00000, 0x0000000741c00000, 0x0000000741d00000|  0%| F|  |TS  0|AC  0|TAMS 0x0000000741c00000, 0x0000000741c00000|
|  29|0x0000000741d00000, 0x0000000741d00000, 0x0000000741e00000|  0%| F|  |TS  0|AC  0|TAMS 0x0000000741d00000, 0x0000000741d00000|
|  30|0x0000000741e00000, 0x0000000741e00000, 0x0000000741f00000|  0%| F|  |TS  0|AC  0|TAMS 0x0000000741e00000, 0x0000000741e00000|
|  31|0x0000000741f00000, 0x0000000741f00000, 0x0000000742000000|  0%| F|  |TS  0|AC  0|TAMS 0x0000000741f00000, 0x0000000741f00000|
|  32|0x0000000742000000, 0x0000000742000000, 0x0000000742100000|  0%| F|  |TS  0|AC  0|TAMS 0x0000000742000000, 0x0000000742000000|
|  33|0x0000000742100000, 0x0000000742100000, 0x0000000742200000|  0%| F|  |TS  0|AC  0|TAMS 0x0000000742100000, 0x0000000742100000|
|  34|0x0000000742200000, 0x0000000742200000, 0x0000000742300000|  0%| F|  |TS  0|AC  0|TAMS 0x0000000742200000, 0x0000000742200000|
|  35|0x0000000742300000, 0x0000000742300000, 0x0000000742400000|  0%| F|  |TS  0|AC  0|TAMS 0x0000000742300000, 0x0000000742300000|
|  36|0x0000000742400000, 0x0000000742400000, 0x0000000742500000|  0%| F|  |TS  0|AC  0|TAMS 0x0000000742400000, 0x0000000742400000|
|  37|0x0000000742500000, 0x0000000742500000, 0x0000000742600000|  0%| F|  |TS  0|AC  0|TAMS 0x0000000742500000, 0x0000000742500000|
|  38|0x0000000742600000, 0x0000000742600000, 0x0000000742700000|  0%| F|  |TS  0|AC  0|TAMS 0x0000000742600000, 0x0000000742600000|
|  39|0x0000000742700000, 0x0000000742700000, 0x0000000742800000|  0%| F|  |TS  0|AC  0|TAMS 0x0000000742700000, 0x0000000742700000|
|  40|0x0000000742800000, 0x0000000742800000, 0x0000000742900000|  0%| F|  |TS  0|AC  0|TAMS 0x0000000742800000, 0x0000000742800000|
|  41|0x0000000742900000, 0x0000000742900000, 0x0000000742a00000|  0%| F|  |TS  0|AC  0|TAMS 0x0000000742900000, 0x0000000742900000|
|  42|0x0000000742a00000, 0x0000000742a00000, 0x0000000742b00000|  0%| F|  |TS  0|AC  0|TAMS 0x0000000742a00000, 0x0000000742a00000|
|  43|0x0000000742b00000, 0x0000000742b00000, 0x0000000742c00000|  0%| F|  |TS  0|AC  0|TAMS 0x0000000742b00000, 0x0000000742b00000|
|  44|0x0000000742c00000, 0x0000000742c00000, 0x0000000742d00000|  0%| F|  |TS  0|AC  0|TAMS 0x0000000742c00000, 0x0000000742c00000|
|  45|0x0000000742d00000, 0x0000000742d00000, 0x0000000742e00000|  0%| F|  |TS  0|AC  0|TAMS 0x0000000742d00000, 0x0000000742d00000|
|  46|0x0000000742e00000, 0x0000000742e00000, 0x0000000742f00000|  0%| F|  |TS  0|AC  0|TAMS 0x0000000742e00000, 0x0000000742e00000|
|  47|0x0000000742f00000, 0x0000000742f00000, 0x0000000743000000|  0%| F|  |TS  0|AC  0|TAMS 0x0000000742f00000, 0x0000000742f00000|
|  48|0x0000000743000000, 0x0000000743000000, 0x0000000743100000|  0%| F|  |TS  0|AC  0|TAMS 0x0000000743000000, 0x0000000743000000|
|  49|0x0000000743100000, 0x0000000743100000, 0x0000000743200000|  0%| F|  |TS  0|AC  0|TAMS 0x0000000743100000, 0x0000000743100000|
|  50|0x0000000743200000, 0x0000000743200000, 0x0000000743300000|  0%| F|  |TS  0|AC  0|TAMS 0x0000000743200000, 0x0000000743200000|
|  51|0x0000000743300000, 0x0000000743300000, 0x0000000743400000|  0%| F|  |TS  0|AC  0|TAMS 0x0000000743300000, 0x0000000743300000|
|  52|0x0000000743400000, 0x0000000743400000, 0x0000000743500000|  0%| F|  |TS  0|AC  0|TAMS 0x0000000743400000, 0x0000000743400000|
|  53|0x0000000743500000, 0x0000000743500000, 0x0000000743600000|  0%| F|  |TS  0|AC  0|TAMS 0x0000000743500000, 0x0000000743500000|
|  54|0x0000000743600000, 0x0000000743600000, 0x0000000743700000|  0%| F|  |TS  0|AC  0|TAMS 0x0000000743600000, 0x0000000743600000|
|  55|0x0000000743700000, 0x0000000743700000, 0x0000000743800000|  0%| F|  |TS  0|AC  0|TAMS 0x0000000743700000, 0x0000000743700000|
|  56|0x0000000743800000, 0x0000000743800000, 0x0000000743900000|  0%| F|  |TS  0|AC  0|TAMS 0x0000000743800000, 0x0000000743800000|
|  57|0x0000000743900000, 0x0000000743900000, 0x0000000743a00000|  0%| F|  |TS  0|AC  0|TAMS 0x0000000743900000, 0x0000000743900000|
|  58|0x0000000743a00000, 0x0000000743a00000, 0x0000000743b00000|  0%| F|  |TS  0|AC  0|TAMS 0x0000000743a00000, 0x0000000743a00000|
|  59|0x0000000743b00000, 0x0000000743b00000, 0x0000000743c00000|  0%| F|  |TS  0|AC  0|TAMS 0x0000000743b00000, 0x0000000743b00000|
|  60|0x0000000743c00000, 0x0000000743c00000, 0x0000000743d00000|  0%| F|  |TS  0|AC  0|TAMS 0x0000000743c00000, 0x0000000743c00000|
|  61|0x0000000743d00000, 0x0000000743d00000, 0x0000000743e00000|  0%| F|  |TS  0|AC  0|TAMS 0x0000000743d00000, 0x0000000743d00000|
|  62|0x0000000743e00000, 0x0000000743e00000, 0x0000000743f00000|  0%| F|  |TS  0|AC  0|TAMS 0x0000000743e00000, 0x0000000743e00000|
|  63|0x0000000743f00000, 0x0000000743f00000, 0x0000000744000000|  0%| F|  |TS  0|AC  0|TAMS 0x0000000743f00000, 0x0000000743f00000|
|  64|0x0000000744000000, 0x0000000744000000, 0x0000000744100000|  0%| F|  |TS  0|AC  0|TAMS 0x0000000744000000, 0x0000000744000000|
|  65|0x0000000744100000, 0x0000000744100000, 0x0000000744200000|  0%| F|  |TS  0|AC  0|TAMS 0x0000000744100000, 0x0000000744100000|
|  66|0x0000000744200000, 0x0000000744200000, 0x0000000744300000|  0%| F|  |TS  0|AC  0|TAMS 0x0000000744200000, 0x0000000744200000|
|  67|0x0000000744300000, 0x0000000744300000, 0x0000000744400000|  0%| F|  |TS  0|AC  0|TAMS 0x0000000744300000, 0x0000000744300000|
|  68|0x0000000744400000, 0x0000000744400000, 0x0000000744500000|  0%| F|  |TS  0|AC  0|TAMS 0x0000000744400000, 0x0000000744400000|
|  69|0x0000000744500000, 0x0000000744500000, 0x0000000744600000|  0%| F|  |TS  0|AC  0|TAMS 0x0000000744500000, 0x0000000744500000|
|  70|0x0000000744600000, 0x0000000744600000, 0x0000000744700000|  0%| F|  |TS  0|AC  0|TAMS 0x0000000744600000, 0x0000000744600000|
|  71|0x0000000744700000, 0x0000000744700000, 0x0000000744800000|  0%| F|  |TS  0|AC  0|TAMS 0x0000000744700000, 0x0000000744700000|
|  72|0x0000000744800000, 0x0000000744800000, 0x0000000744900000|  0%| F|  |TS  0|AC  0|TAMS 0x0000000744800000, 0x0000000744800000|
|  73|0x0000000744900000, 0x0000000744900000, 0x0000000744a00000|  0%| F|  |TS  0|AC  0|TAMS 0x0000000744900000, 0x0000000744900000|
|  74|0x0000000744a00000, 0x0000000744a00000, 0x0000000744b00000|  0%| F|  |TS  0|AC  0|TAMS 0x0000000744a00000, 0x0000000744a00000|
|  75|0x0000000744b00000, 0x0000000744b00000, 0x0000000744c00000|  0%| F|  |TS  0|AC  0|TAMS 0x0000000744b00000, 0x0000000744b00000|
|  76|0x0000000744c00000, 0x0000000744c00000, 0x0000000744d00000|  0%| F|  |TS  0|AC  0|TAMS 0x0000000744c00000, 0x0000000744c00000|
|  77|0x0000000744d00000, 0x0000000744d00000, 0x0000000744e00000|  0%| F|  |TS  0|AC  0|TAMS 0x0000000744d00000, 0x0000000744d00000|
|  78|0x0000000744e00000, 0x0000000744e00000, 0x0000000744f00000|  0%| F|  |TS  0|AC  0|TAMS 0x0000000744e00000, 0x0000000744e00000|
|  79|0x0000000744f00000, 0x0000000744f00000, 0x0000000745000000|  0%| F|  |TS  0|AC  0|TAMS 0x0000000744f00000, 0x0000000744f00000|
|  80|0x0000000745000000, 0x0000000745000000, 0x0000000745100000|  0%| F|  |TS  0|AC  0|TAMS 0x0000000745000000, 0x0000000745000000|
|  81|0x0000000745100000, 0x0000000745100000, 0x0000000745200000|  0%| F|  |TS  0|AC  0|TAMS 0x0000000745100000, 0x0000000745100000|
|  82|0x0000000745200000, 0x0000000745200000, 0x0000000745300000|  0%| F|  |TS  0|AC  0|TAMS 0x0000000745200000, 0x0000000745200000|
|  83|0x0000000745300000, 0x0000000745300000, 0x0000000745400000|  0%| F|  |TS  0|AC  0|TAMS 0x0000000745300000, 0x0000000745300000|
|  84|0x0000000745400000, 0x0000000745400000, 0x0000000745500000|  0%| F|  |TS  0|AC  0|TAMS 0x0000000745400000, 0x0000000745400000|
|  85|0x0000000745500000, 0x0000000745500000, 0x0000000745600000|  0%| F|  |TS  0|AC  0|TAMS 0x0000000745500000, 0x0000000745500000|
|  86|0x0000000745600000, 0x0000000745600000, 0x0000000745700000|  0%| F|  |TS  0|AC  0|TAMS 0x0000000745600000, 0x0000000745600000|
|  87|0x0000000745700000, 0x0000000745700000, 0x0000000745800000|  0%| F|  |TS  0|AC  0|TAMS 0x0000000745700000, 0x0000000745700000|
|  88|0x0000000745800000, 0x0000000745800000, 0x0000000745900000|  0%| F|  |TS  0|AC  0|TAMS 0x0000000745800000, 0x0000000745800000|
|  89|0x0000000745900000, 0x0000000745900000, 0x0000000745a00000|  0%| F|  |TS  0|AC  0|TAMS 0x0000000745900000, 0x0000000745900000|
|  90|0x0000000745a00000, 0x0000000745a00000, 0x0000000745b00000|  0%| F|  |TS  0|AC  0|TAMS 0x0000000745a00000, 0x0000000745a00000|
|  91|0x0000000745b00000, 0x0000000745b00000, 0x0000000745c00000|  0%| F|  |TS  0|AC  0|TAMS 0x0000000745b00000, 0x0000000745b00000|
|  92|0x0000000745c00000, 0x0000000745c00000, 0x0000000745d00000|  0%| F|  |TS  0|AC  0|TAMS 0x0000000745c00000, 0x0000000745c00000|
|  93|0x0000000745d00000, 0x0000000745d00000, 0x0000000745e00000|  0%| F|  |TS  0|AC  0|TAMS 0x0000000745d00000, 0x0000000745d00000|
|  94|0x0000000745e00000, 0x0000000745e00000, 0x0000000745f00000|  0%| F|  |TS  0|AC  0|TAMS 0x0000000745e00000, 0x0000000745e00000|
|  95|0x0000000745f00000, 0x0000000745f00000, 0x0000000746000000|  0%| F|  |TS  0|AC  0|TAMS 0x0000000745f00000, 0x0000000745f00000|
|  96|0x0000000746000000, 0x0000000746000000, 0x0000000746100000|  0%| F|  |TS  0|AC  0|TAMS 0x0000000746000000, 0x0000000746000000|
|  97|0x0000000746100000, 0x0000000746100000, 0x0000000746200000|  0%| F|  |TS  0|AC  0|TAMS 0x0000000746100000, 0x0000000746100000|
|  98|0x0000000746200000, 0x0000000746200000, 0x0000000746300000|  0%| F|  |TS  0|AC  0|TAMS 0x0000000746200000, 0x0000000746200000|
|  99|0x0000000746300000, 0x0000000746300000, 0x0000000746400000|  0%| F|  |TS  0|AC  0|TAMS 0x0000000746300000, 0x0000000746300000|
| 100|0x0000000746400000, 0x0000000746400000, 0x0000000746500000|  0%| F|  |TS  0|AC  0|TAMS 0x0000000746400000, 0x0000000746400000|
| 101|0x0000000746500000, 0x0000000746500000, 0x0000000746600000|  0%| F|  |TS  0|AC  0|TAMS 0x0000000746500000, 0x0000000746500000|
| 102|0x0000000746600000, 0x0000000746600000, 0x0000000746700000|  0%| F|  |TS  0|AC  0|TAMS 0x0000000746600000, 0x0000000746600000|
| 103|0x0000000746700000, 0x0000000746700000, 0x0000000746800000|  0%| F|  |TS  0|AC  0|TAMS 0x0000000746700000, 0x0000000746700000|
| 104|0x0000000746800000, 0x0000000746800000, 0x0000000746900000|  0%| F|  |TS  0|AC  0|TAMS 0x0000000746800000, 0x0000000746800000|
| 105|0x0000000746900000, 0x0000000746900000, 0x0000000746a00000|  0%| F|  |TS  0|AC  0|TAMS 0x0000000746900000, 0x0000000746900000|
| 106|0x0000000746a00000, 0x0000000746a00000, 0x0000000746b00000|  0%| F|  |TS  0|AC  0|TAMS 0x0000000746a00000, 0x0000000746a00000|
| 107|0x0000000746b00000, 0x0000000746b00000, 0x0000000746c00000|  0%| F|  |TS  0|AC  0|TAMS 0x0000000746b00000, 0x0000000746b00000|
| 108|0x0000000746c00000, 0x0000000746c00000, 0x0000000746d00000|  0%| F|  |TS  0|AC  0|TAMS 0x0000000746c00000, 0x0000000746c00000|
| 109|0x0000000746d00000, 0x0000000746d00000, 0x0000000746e00000|  0%| F|  |TS  0|AC  0|TAMS 0x0000000746d00000, 0x0000000746d00000|
| 110|0x0000000746e00000, 0x0000000746e00000, 0x0000000746f00000|  0%| F|  |TS  0|AC  0|TAMS 0x0000000746e00000, 0x0000000746e00000|
| 111|0x0000000746f00000, 0x0000000746f00000, 0x0000000747000000|  0%| F|  |TS  0|AC  0|TAMS 0x0000000746f00000, 0x0000000746f00000|
| 112|0x0000000747000000, 0x0000000747000000, 0x0000000747100000|  0%| F|  |TS  0|AC  0|TAMS 0x0000000747000000, 0x0000000747000000|
| 113|0x0000000747100000, 0x0000000747100000, 0x0000000747200000|  0%| F|  |TS  0|AC  0|TAMS 0x0000000747100000, 0x0000000747100000|
| 114|0x0000000747200000, 0x0000000747200000, 0x0000000747300000|  0%| F|  |TS  0|AC  0|TAMS 0x0000000747200000, 0x0000000747200000|
| 115|0x0000000747300000, 0x0000000747300000, 0x0000000747400000|  0%| F|  |TS  0|AC  0|TAMS 0x0000000747300000, 0x0000000747300000|
| 116|0x0000000747400000, 0x0000000747400000, 0x0000000747500000|  0%| F|  |TS  0|AC  0|TAMS 0x0000000747400000, 0x0000000747400000|
| 117|0x0000000747500000, 0x0000000747500000, 0x0000000747600000|  0%| F|  |TS  0|AC  0|TAMS 0x0000000747500000, 0x0000000747500000|
| 118|0x0000000747600000, 0x0000000747600000, 0x0000000747700000|  0%| F|  |TS  0|AC  0|TAMS 0x0000000747600000, 0x0000000747600000|
| 119|0x0000000747700000, 0x0000000747700000, 0x0000000747800000|  0%| F|  |TS  0|AC  0|TAMS 0x0000000747700000, 0x0000000747700000|
| 120|0x0000000747800000, 0x0000000747800000, 0x0000000747900000|  0%| F|  |TS  0|AC  0|TAMS 0x0000000747800000, 0x0000000747800000|
| 121|0x0000000747900000, 0x000000074797b658, 0x0000000747a00000| 48%| E|  |TS  0|AC  0|TAMS 0x0000000747900000, 0x0000000747900000|
| 122|0x0000000747a00000, 0x0000000747b00000, 0x0000000747b00000|100%| E|CS|TS  0|AC  0|TAMS 0x0000000747a00000, 0x0000000747a00000|
| 123|0x0000000747b00000, 0x0000000747c00000, 0x0000000747c00000|100%| E|CS|TS  0|AC  0|TAMS 0x0000000747b00000, 0x0000000747b00000|
| 124|0x0000000747c00000, 0x0000000747d00000, 0x0000000747d00000|100%| E|CS|TS  0|AC  0|TAMS 0x0000000747c00000, 0x0000000747c00000|
| 125|0x0000000747d00000, 0x0000000747e00000, 0x0000000747e00000|100%| E|CS|TS  0|AC  0|TAMS 0x0000000747d00000, 0x0000000747d00000|
| 126|0x0000000747e00000, 0x0000000747f00000, 0x0000000747f00000|100%| E|CS|TS  0|AC  0|TAMS 0x0000000747e00000, 0x0000000747e00000|
| 127|0x0000000747f00000, 0x0000000748000000, 0x0000000748000000|100%| E|CS|TS  0|AC  0|TAMS 0x0000000747f00000, 0x0000000747f00000|

Card table byte_map: [0x000000011f89a000,0x000000011fc9a000] byte_map_base: 0x000000011be9a000

Marking Bits (Prev, Next): (CMBitMap*) 0x00007fcf0000ca70, (CMBitMap*) 0x00007fcf0000caa8
 Prev Bits: [0x000000012009a000, 0x000000012209a000)
 Next Bits: [0x000000012209a000, 0x000000012409a000)

Polling page: 0x0000000102dfd000

CodeHeap 'non-profiled nmethods': size=120032Kb used=69Kb max_used=69Kb free=119963Kb
 bounds [0x0000000117b62000, 0x0000000117dd2000, 0x000000011f09a000]
CodeHeap 'profiled nmethods': size=120028Kb used=251Kb max_used=251Kb free=119777Kb
 bounds [0x000000011062b000, 0x000000011089b000, 0x0000000117b62000]
CodeHeap 'non-nmethods': size=5700Kb used=1185Kb max_used=1185Kb free=4514Kb
 bounds [0x000000011009a000, 0x000000011030a000, 0x000000011062b000]
 total_blobs=624 nmethods=219 adapters=257
 compilation: enabled

Compilation events (10 events):
Event: 0.229 Thread 0x00007fcf00820000 nmethod 189 0x0000000110668c90 code [0x0000000110668e40, 0x0000000110669068]
Event: 0.229 Thread 0x00007fcf00820000  190       1       java.nio.Buffer::limit (5 bytes)
Event: 0.229 Thread 0x00007fcf00820000 nmethod 190 0x0000000117b6f510 code [0x0000000117b6f6c0, 0x0000000117b6f7d0]
Event: 0.229 Thread 0x00007fcf0081f000 nmethod 188 0x0000000117b6f890 code [0x0000000117b6fa20, 0x0000000117b6fbd8]
Event: 0.382 Thread 0x00007fceff804800  191       4       java.util.HashMap::hash (20 bytes)
Event: 0.382 Thread 0x00007fcf00820000  192       3       java.lang.ref.Reference::<init> (25 bytes)
Event: 0.382 Thread 0x00007fcf00820000 nmethod 192 0x0000000110669110 code [0x00000001106692c0, 0x00000001106695b0]
Event: 0.383 Thread 0x00007fceff804800 nmethod 191 0x0000000117b6fd10 code [0x0000000117b6fea0, 0x0000000117b6ff58]
Event: 0.385 Thread 0x00007fcf00820000  193       3       java.nio.Buffer::position (55 bytes)
Event: 0.386 Thread 0x00007fcf00820000 nmethod 193 0x0000000110669690 code [0x0000000110669860, 0x0000000110669b48]

GC Heap History (0 events):
No events

Deoptimization events (0 events):
No events

Classes redefined (3 events):
Event: 79.588 Thread 0x00007fcf0081e000 redefined class name=com.company.DateClient, count=1
Event: 170.856 Thread 0x00007fcf0081e000 redefined class name=com.company.DateClient, count=2
Event: 247.982 Thread 0x00007fcf0081e000 redefined class name=com.company.DateClient, count=3

Internal exceptions (1 events):
Event: 9.508 Thread 0x00007fcf00002000 Exception <a 'java/lang/NoSuchMethodError'{0x0000000747bcc690}: method resolution failed> (0x0000000747bcc690) thrown at [/scratch/mesos/slaves/5af44a71-976a-41b7-81de-5773b84ec572-S38393/frameworks/1735e8a2-a1db-478c-8104-60c8b0af87dd-0196/executors/8b85

Events (10 events):
Event: 248.091 Executing VM operation: ChangeBreakpoints done
Event: 248.092 Executing VM operation: ChangeBreakpoints
Event: 248.092 Executing VM operation: ChangeBreakpoints done
Event: 248.092 Executing VM operation: ChangeBreakpoints
Event: 248.092 Executing VM operation: ChangeBreakpoints done
Event: 248.095 Executing VM operation: GetFrameCount
Event: 248.095 Executing VM operation: GetFrameCount done
Event: 248.095 Executing VM operation: GetFrameLocation
Event: 248.095 Executing VM operation: GetFrameLocation done
Event: 248.106 Executing VM operation: GetOrSetLocal


Dynamic libraries:
0x00007fff523a0000 	/System/Library/Frameworks/Cocoa.framework/Versions/A/Cocoa
0x00007fff5e9d5000 	/System/Library/Frameworks/Security.framework/Versions/A/Security
0x00007fff50fe3000 	/System/Library/Frameworks/ApplicationServices.framework/Versions/A/ApplicationServices
0x00007fff7a87d000 	/usr/lib/libz.1.dylib
0x00007fff78730000 	/usr/lib/libSystem.B.dylib
0x00007fff52b65000 	/System/Library/Frameworks/CoreFoundation.framework/Versions/A/CoreFoundation
0x00007fff54cdd000 	/System/Library/Frameworks/Foundation.framework/Versions/C/Foundation
0x00007fff79e6a000 	/usr/lib/libobjc.A.dylib
0x00007fff50133000 	/System/Library/Frameworks/AppKit.framework/Versions/C/AppKit
0x00007fff52718000 	/System/Library/Frameworks/CoreData.framework/Versions/A/CoreData
0x00007fff7207a000 	/System/Library/PrivateFrameworks/RemoteViewServices.framework/Versions/A/RemoteViewServices
0x00007fff767d5000 	/System/Library/PrivateFrameworks/UIFoundation.framework/Versions/A/UIFoundation
0x00007fff66e8b000 	/System/Library/PrivateFrameworks/DFRFoundation.framework/Versions/A/DFRFoundation
0x00007fff5734a000 	/System/Library/Frameworks/Metal.framework/Versions/A/Metal
0x00007fff67028000 	/System/Library/PrivateFrameworks/DesktopServicesPriv.framework/Versions/A/DesktopServicesPriv
0x00007fff793b8000 	/usr/lib/libenergytrace.dylib
0x00007fff74841000 	/System/Library/PrivateFrameworks/SkyLight.framework/Versions/A/SkyLight
0x00007fff53001000 	/System/Library/Frameworks/CoreGraphics.framework/Versions/A/CoreGraphics
0x00007fff7872b000 	/usr/lib/libScreenReader.dylib
0x00007fff4ee46000 	/System/Library/Frameworks/Accelerate.framework/Versions/A/Accelerate
0x00007fff55456000 	/System/Library/Frameworks/IOSurface.framework/Versions/A/IOSurface
0x00007fff5152d000 	/System/Library/Frameworks/AudioToolbox.framework/Versions/A/AudioToolbox
0x00007fff517bc000 	/System/Library/Frameworks/AudioUnit.framework/Versions/A/AudioUnit
0x00007fff66f23000 	/System/Library/PrivateFrameworks/DataDetectorsCore.framework/Versions/A/DataDetectorsCore
0x00007fff51e93000 	/System/Library/Frameworks/Carbon.framework/Versions/A/Frameworks/HIToolbox.framework/Versions/A/HIToolbox
0x00007fff79512000 	/usr/lib/libicucore.A.dylib
0x00007fff5df55000 	/System/Library/Frameworks/QuartzCore.framework/Versions/A/QuartzCore
0x00007fff73af7000 	/System/Library/PrivateFrameworks/SignpostNotification.framework/Versions/A/SignpostNotification
0x00007fff52279000 	/System/Library/Frameworks/Carbon.framework/Versions/A/Frameworks/SpeechRecognition.framework/Versions/A/SpeechRecognition
0x00007fff7890e000 	/usr/lib/libauto.dylib
0x00007fff7a76c000 	/usr/lib/libxml2.2.dylib
0x00007fff66adc000 	/System/Library/PrivateFrameworks/CoreUI.framework/Versions/A/CoreUI
0x00007fff525f4000 	/System/Library/Frameworks/CoreAudio.framework/Versions/A/CoreAudio
0x00007fff54b17000 	/System/Library/Frameworks/DiskArbitration.framework/Versions/A/DiskArbitration
0x00007fff79786000 	/usr/lib/liblangid.dylib
0x00007fff6e583000 	/System/Library/PrivateFrameworks/MultitouchSupport.framework/Versions/A/MultitouchSupport
0x00007fff553b9000 	/System/Library/Frameworks/IOKit.framework/Versions/A/IOKit
0x00007fff783ba000 	/usr/lib/libDiagnosticMessagesClient.dylib
0x00007fff53cf5000 	/System/Library/Frameworks/CoreServices.framework/Versions/A/CoreServices
0x00007fff700b3000 	/System/Library/PrivateFrameworks/PerformanceAnalysis.framework/Versions/A/PerformanceAnalysis
0x00007fff5d0f7000 	/System/Library/Frameworks/OpenGL.framework/Versions/A/OpenGL
0x00007fff523ae000 	/System/Library/Frameworks/ColorSync.framework/Versions/A/ColorSync
0x00007fff53631000 	/System/Library/Frameworks/CoreImage.framework/Versions/A/CoreImage
0x00007fff54685000 	/System/Library/Frameworks/CoreText.framework/Versions/A/CoreText
0x00007fff554b4000 	/System/Library/Frameworks/ImageIO.framework/Versions/A/ImageIO
0x00007fff637da000 	/System/Library/PrivateFrameworks/Backup.framework/Versions/A/Backup
0x00007fff787dc000 	/usr/lib/libarchive.2.dylib
0x00007fff51adf000 	/System/Library/Frameworks/CFNetwork.framework/Versions/A/CFNetwork
0x00007fff5f166000 	/System/Library/Frameworks/SystemConfiguration.framework/Versions/A/SystemConfiguration
0x00007fff782e3000 	/usr/lib/libCRFSuite.dylib
0x00007fff789e7000 	/usr/lib/libc++.1.dylib
0x00007fff78a3e000 	/usr/lib/libc++abi.dylib
0x00007fff7a92b000 	/usr/lib/system/libcache.dylib
0x00007fff7a930000 	/usr/lib/system/libcommonCrypto.dylib
0x00007fff7a93b000 	/usr/lib/system/libcompiler_rt.dylib
0x00007fff7a943000 	/usr/lib/system/libcopyfile.dylib
0x00007fff7a94d000 	/usr/lib/system/libcorecrypto.dylib
0x00007fff7aa5a000 	/usr/lib/system/libdispatch.dylib
0x00007fff7aa94000 	/usr/lib/system/libdyld.dylib
0x00007fff7aab2000 	/usr/lib/system/libkeymgr.dylib
0x00007fff7aac0000 	/usr/lib/system/liblaunch.dylib
0x00007fff7aac1000 	/usr/lib/system/libmacho.dylib
0x00007fff7aac6000 	/usr/lib/system/libquarantine.dylib
0x00007fff7aac9000 	/usr/lib/system/libremovefile.dylib
0x00007fff7aacb000 	/usr/lib/system/libsystem_asl.dylib
0x00007fff7aae3000 	/usr/lib/system/libsystem_blocks.dylib
0x00007fff7aae4000 	/usr/lib/system/libsystem_c.dylib
0x00007fff7ab6e000 	/usr/lib/system/libsystem_configuration.dylib
0x00007fff7ab72000 	/usr/lib/system/libsystem_coreservices.dylib
0x00007fff7ab76000 	/usr/lib/system/libsystem_darwin.dylib
0x00007fff7ab78000 	/usr/lib/system/libsystem_dnssd.dylib
0x00007fff7ab7f000 	/usr/lib/system/libsystem_info.dylib
0x00007fff7abf0000 	/usr/lib/system/libsystem_m.dylib
0x00007fff7ac3c000 	/usr/lib/system/libsystem_malloc.dylib
0x00007fff7ac5c000 	/usr/lib/system/libsystem_network.dylib
0x00007fff7ad8d000 	/usr/lib/system/libsystem_networkextension.dylib
0x00007fff7ad98000 	/usr/lib/system/libsystem_notify.dylib
0x00007fff7adb6000 	/usr/lib/system/libsystem_sandbox.dylib
0x00007fff7adba000 	/usr/lib/system/libsystem_secinit.dylib
0x00007fff7abc9000 	/usr/lib/system/libsystem_kernel.dylib
0x00007fff7ada2000 	/usr/lib/system/libsystem_platform.dylib
0x00007fff7adaa000 	/usr/lib/system/libsystem_pthread.dylib
0x00007fff7adbc000 	/usr/lib/system/libsystem_symptoms.dylib
0x00007fff7adc4000 	/usr/lib/system/libsystem_trace.dylib
0x00007fff7add9000 	/usr/lib/system/libunwind.dylib
0x00007fff7addf000 	/usr/lib/system/libxpc.dylib
0x00007fff781f6000 	/usr/lib/closure/libclosured.dylib
0x00007fff789c8000 	/usr/lib/libbsm.0.dylib
0x00007fff7aab3000 	/usr/lib/system/libkxld.dylib
0x00007fff785f4000 	/usr/lib/libOpenScriptingUtil.dylib
0x00007fff78d37000 	/usr/lib/libcoretls.dylib
0x00007fff78d50000 	/usr/lib/libcoretls_cfhelpers.dylib
0x00007fff7a26e000 	/usr/lib/libpam.2.dylib
0x00007fff7a395000 	/usr/lib/libsqlite3.dylib
0x00007fff7a75b000 	/usr/lib/libxar.1.dylib
0x00007fff789d9000 	/usr/lib/libbz2.1.0.dylib
0x00007fff79788000 	/usr/lib/liblzma.5.dylib
0x00007fff79c69000 	/usr/lib/libnetwork.dylib
0x00007fff787c5000 	/usr/lib/libapple_nghttp2.dylib
0x00007fff7a275000 	/usr/lib/libpcap.A.dylib
0x00007fff7890f000 	/usr/lib/libboringssl.dylib
0x00007fff7a6f6000 	/usr/lib/libusrtcp.dylib
0x00007fff787c4000 	/usr/lib/libapple_crypto.dylib
0x00007fff54078000 	/System/Library/Frameworks/CoreServices.framework/Versions/A/Frameworks/FSEvents.framework/Versions/A/FSEvents
0x00007fff53d6b000 	/System/Library/Frameworks/CoreServices.framework/Versions/A/Frameworks/CarbonCore.framework/Versions/A/CarbonCore
0x00007fff5423f000 	/System/Library/Frameworks/CoreServices.framework/Versions/A/Frameworks/Metadata.framework/Versions/A/Metadata
0x00007fff542f0000 	/System/Library/Frameworks/CoreServices.framework/Versions/A/Frameworks/OSServices.framework/Versions/A/OSServices
0x00007fff54351000 	/System/Library/Frameworks/CoreServices.framework/Versions/A/Frameworks/SearchKit.framework/Versions/A/SearchKit
0x00007fff53cf6000 	/System/Library/Frameworks/CoreServices.framework/Versions/A/Frameworks/AE.framework/Versions/A/AE
0x00007fff54081000 	/System/Library/Frameworks/CoreServices.framework/Versions/A/Frameworks/LaunchServices.framework/Versions/A/LaunchServices
0x00007fff54043000 	/System/Library/Frameworks/CoreServices.framework/Versions/A/Frameworks/DictionaryServices.framework/Versions/A/DictionaryServices
0x00007fff543c0000 	/System/Library/Frameworks/CoreServices.framework/Versions/A/Frameworks/SharedFileList.framework/Versions/A/SharedFileList
0x00007fff58580000 	/System/Library/Frameworks/NetFS.framework/Versions/A/NetFS
0x00007fff6e814000 	/System/Library/PrivateFrameworks/NetAuth.framework/Versions/A/NetAuth
0x00007fff7808d000 	/System/Library/PrivateFrameworks/login.framework/Versions/A/Frameworks/loginsupport.framework/Versions/A/loginsupport
0x00007fff76452000 	/System/Library/PrivateFrameworks/TCC.framework/Versions/A/TCC
0x00007fff79869000 	/usr/lib/libmecabra.dylib
0x00007fff50fe4000 	/System/Library/Frameworks/ApplicationServices.framework/Versions/A/Frameworks/ATS.framework/Versions/A/ATS
0x00007fff51392000 	/System/Library/Frameworks/ApplicationServices.framework/Versions/A/Frameworks/ColorSyncLegacy.framework/Versions/A/ColorSyncLegacy
0x00007fff51436000 	/System/Library/Frameworks/ApplicationServices.framework/Versions/A/Frameworks/HIServices.framework/Versions/A/HIServices
0x00007fff51489000 	/System/Library/Frameworks/ApplicationServices.framework/Versions/A/Frameworks/LangAnalysis.framework/Versions/A/LangAnalysis
0x00007fff51498000 	/System/Library/Frameworks/ApplicationServices.framework/Versions/A/Frameworks/PrintCore.framework/Versions/A/PrintCore
0x00007fff514e5000 	/System/Library/Frameworks/ApplicationServices.framework/Versions/A/Frameworks/QD.framework/Versions/A/QD
0x00007fff51520000 	/System/Library/Frameworks/ApplicationServices.framework/Versions/A/Frameworks/SpeechSynthesis.framework/Versions/A/SpeechSynthesis
0x00007fff52a7d000 	/System/Library/Frameworks/CoreDisplay.framework/Versions/A/CoreDisplay
0x00007fff4ee5f000 	/System/Library/Frameworks/Accelerate.framework/Versions/A/Frameworks/vImage.framework/Versions/A/vImage
0x00007fff4fe40000 	/System/Library/Frameworks/Accelerate.framework/Versions/A/Frameworks/vecLib.framework/Versions/A/vecLib
0x00007fff4fc15000 	/System/Library/Frameworks/Accelerate.framework/Versions/A/Frameworks/vecLib.framework/Versions/A/libvDSP.dylib
0x00007fff4f74f000 	/System/Library/Frameworks/Accelerate.framework/Versions/A/Frameworks/vecLib.framework/Versions/A/libBNNS.dylib
0x00007fff4fb7b000 	/System/Library/Frameworks/Accelerate.framework/Versions/A/Frameworks/vecLib.framework/Versions/A/libQuadrature.dylib
0x00007fff4fd89000 	/System/Library/Frameworks/Accelerate.framework/Versions/A/Frameworks/vecLib.framework/Versions/A/libvMisc.dylib
0x00007fff4f78a000 	/System/Library/Frameworks/Accelerate.framework/Versions/A/Frameworks/vecLib.framework/Versions/A/libLAPACK.dylib
0x00007fff4f5ae000 	/System/Library/Frameworks/Accelerate.framework/Versions/A/Frameworks/vecLib.framework/Versions/A/libBLAS.dylib
0x00007fff4fb64000 	/System/Library/Frameworks/Accelerate.framework/Versions/A/Frameworks/vecLib.framework/Versions/A/libLinearAlgebra.dylib
0x00007fff4fb81000 	/System/Library/Frameworks/Accelerate.framework/Versions/A/Frameworks/vecLib.framework/Versions/A/libSparse.dylib
0x00007fff4fc02000 	/System/Library/Frameworks/Accelerate.framework/Versions/A/Frameworks/vecLib.framework/Versions/A/libSparseBLAS.dylib
0x00007fff6b665000 	/System/Library/PrivateFrameworks/GPUWrangler.framework/Versions/A/GPUWrangler
0x00007fff6cdf5000 	/System/Library/PrivateFrameworks/IOAccelerator.framework/Versions/A/IOAccelerator
0x00007fff6ce00000 	/System/Library/PrivateFrameworks/IOPresentment.framework/Versions/A/IOPresentment
0x00007fff66e9d000 	/System/Library/PrivateFrameworks/DSExternalDisplay.framework/Versions/A/DSExternalDisplay
0x00007fff5c577000 	/System/Library/Frameworks/OpenGL.framework/Versions/A/Libraries/libCoreFSCache.dylib
0x00007fff547d6000 	/System/Library/Frameworks/CoreVideo.framework/Versions/A/CoreVideo
0x00007fff6c3e0000 	/System/Library/PrivateFrameworks/GraphVisualizer.framework/Versions/A/GraphVisualizer
0x00007fff57581000 	/System/Library/Frameworks/MetalPerformanceShaders.framework/Versions/A/MetalPerformanceShaders
0x00007fff783f2000 	/usr/lib/libFosl_dynamic.dylib
0x00007fff67f6f000 	/System/Library/PrivateFrameworks/FaceCore.framework/Versions/A/FaceCore
0x00007fff5b37e000 	/System/Library/Frameworks/OpenCL.framework/Versions/A/OpenCL
0x00007fff78a75000 	/usr/lib/libcompression.dylib
0x00007fff510e3000 	/System/Library/Frameworks/ApplicationServices.framework/Versions/A/Frameworks/ATS.framework/Versions/A/Resources/libFontParser.dylib
0x00007fff51206000 	/System/Library/Frameworks/ApplicationServices.framework/Versions/A/Frameworks/ATS.framework/Versions/A/Resources/libFontRegistry.dylib
0x00007fff5571f000 	/System/Library/Frameworks/ImageIO.framework/Versions/A/Resources/libJPEG.dylib
0x00007fff55a49000 	/System/Library/Frameworks/ImageIO.framework/Versions/A/Resources/libTIFF.dylib
0x00007fff55a1f000 	/System/Library/Frameworks/ImageIO.framework/Versions/A/Resources/libPng.dylib
0x00007fff55632000 	/System/Library/Frameworks/ImageIO.framework/Versions/A/Resources/libGIF.dylib
0x00007fff55637000 	/System/Library/Frameworks/ImageIO.framework/Versions/A/Resources/libJP2.dylib
0x00007fff55a46000 	/System/Library/Frameworks/ImageIO.framework/Versions/A/Resources/libRadiance.dylib
0x00007fff62f05000 	/System/Library/PrivateFrameworks/AppleJPEG.framework/Versions/A/AppleJPEG
0x00007fff573e8000 	/System/Library/Frameworks/MetalPerformanceShaders.framework/Frameworks/MPSCore.framework/Versions/A/MPSCore
0x00007fff57404000 	/System/Library/Frameworks/MetalPerformanceShaders.framework/Frameworks/MPSImage.framework/Versions/A/MPSImage
0x00007fff57499000 	/System/Library/Frameworks/MetalPerformanceShaders.framework/Frameworks/MPSNeuralNetwork.framework/Versions/A/MPSNeuralNetwork
0x00007fff57474000 	/System/Library/Frameworks/MetalPerformanceShaders.framework/Frameworks/MPSMatrix.framework/Versions/A/MPSMatrix
0x00007fff6e2f5000 	/System/Library/PrivateFrameworks/MetalTools.framework/Versions/A/MetalTools
0x00007fff5c741000 	/System/Library/Frameworks/OpenGL.framework/Versions/A/Libraries/libGLU.dylib
0x00007fff5c582000 	/System/Library/Frameworks/OpenGL.framework/Versions/A/Libraries/libGFXShared.dylib
0x00007fff5c58c000 	/System/Library/Frameworks/OpenGL.framework/Versions/A/Libraries/libGL.dylib
0x00007fff5c598000 	/System/Library/Frameworks/OpenGL.framework/Versions/A/Libraries/libGLImage.dylib
0x00007fff5c574000 	/System/Library/Frameworks/OpenGL.framework/Versions/A/Libraries/libCVMSPluginSupport.dylib
0x00007fff5c57d000 	/System/Library/Frameworks/OpenGL.framework/Versions/A/Libraries/libCoreVMClient.dylib
0x00007fff79222000 	/usr/lib/libcups.2.dylib
0x00007fff56950000 	/System/Library/Frameworks/Kerberos.framework/Versions/A/Kerberos
0x00007fff55113000 	/System/Library/Frameworks/GSS.framework/Versions/A/GSS
0x00007fff7a328000 	/usr/lib/libresolv.9.dylib
0x00007fff79420000 	/usr/lib/libiconv.2.dylib
0x00007fff6c472000 	/System/Library/PrivateFrameworks/Heimdal.framework/Versions/A/Heimdal
0x00007fff793ef000 	/usr/lib/libheimdal-asn1.dylib
0x00007fff5b3ea000 	/System/Library/Frameworks/OpenDirectory.framework/Versions/A/OpenDirectory
0x00007fff65217000 	/System/Library/PrivateFrameworks/CommonAuth.framework/Versions/A/CommonAuth
0x00007fff5b3cd000 	/System/Library/Frameworks/OpenDirectory.framework/Versions/A/Frameworks/CFOpenDirectory.framework/Versions/A/CFOpenDirectory
0x00007fff5ecff000 	/System/Library/Frameworks/SecurityFoundation.framework/Versions/A/SecurityFoundation
0x00007fff620d1000 	/System/Library/PrivateFrameworks/APFS.framework/Versions/A/APFS
0x00007fff7a757000 	/usr/lib/libutil.dylib
0x00007fff62f88000 	/System/Library/PrivateFrameworks/AppleSauce.framework/Versions/A/AppleSauce
0x00007fff6d5dd000 	/System/Library/PrivateFrameworks/LinguisticData.framework/Versions/A/LinguisticData
0x00007fff797a2000 	/usr/lib/libmarisa.dylib
0x00007fff6d597000 	/System/Library/PrivateFrameworks/Lexicon.framework/Versions/A/Lexicon
0x00007fff7831d000 	/usr/lib/libChineseTokenizer.dylib
0x00007fff78a64000 	/usr/lib/libcmph.dylib
0x00007fff6d4a1000 	/System/Library/PrivateFrameworks/LanguageModeling.framework/Versions/A/LanguageModeling
0x00007fff65d23000 	/System/Library/PrivateFrameworks/CoreEmoji.framework/Versions/A/CoreEmoji
0x00007fff5edbd000 	/System/Library/Frameworks/ServiceManagement.framework/Versions/A/ServiceManagement
0x00007fff637d2000 	/System/Library/PrivateFrameworks/BackgroundTaskManagement.framework/Versions/A/BackgroundTaskManagement
0x00007fff7a854000 	/usr/lib/libxslt.1.dylib
0x00007fff521a3000 	/System/Library/Frameworks/Carbon.framework/Versions/A/Frameworks/Ink.framework/Versions/A/Ink
0x00007fff76667000 	/System/Library/PrivateFrameworks/TextureIO.framework/Versions/A/TextureIO
0x00007fff78807000 	/usr/lib/libate.dylib
0x00007fff66dfd000 	/System/Library/PrivateFrameworks/CrashReporterSupport.framework/Versions/A/CrashReporterSupport
0x00007fff739b9000 	/System/Library/PrivateFrameworks/Sharing.framework/Versions/A/Sharing
0x00007fff6d1e2000 	/System/Library/PrivateFrameworks/IconServices.framework/Versions/A/IconServices
0x00007fff62d8a000 	/System/Library/PrivateFrameworks/Apple80211.framework/Versions/A/Apple80211
0x00007fff66c12000 	/System/Library/PrivateFrameworks/CoreUtils.framework/Versions/A/CoreUtils
0x00007fff54811000 	/System/Library/Frameworks/CoreWLAN.framework/Versions/A/CoreWLAN
0x00007fff55255000 	/System/Library/Frameworks/IOBluetooth.framework/Versions/A/IOBluetooth
0x00007fff71e81000 	/System/Library/PrivateFrameworks/ProtocolBuffer.framework/Versions/A/ProtocolBuffer
0x00007fff66d98000 	/System/Library/PrivateFrameworks/CoreWiFi.framework/Versions/A/CoreWiFi
0x00007fff526ee000 	/System/Library/Frameworks/CoreBluetooth.framework/Versions/A/CoreBluetooth
0x00007fff66fe7000 	/System/Library/PrivateFrameworks/DebugSymbols.framework/Versions/A/DebugSymbols
0x00007fff669c8000 	/System/Library/PrivateFrameworks/CoreSymbolication.framework/Versions/A/CoreSymbolication
0x00007fff75e58000 	/System/Library/PrivateFrameworks/Symbolication.framework/Versions/A/Symbolication
0x00007fff62db4000 	/System/Library/PrivateFrameworks/AppleFSCompression.framework/Versions/A/AppleFSCompression
0x00007fff752a6000 	/System/Library/PrivateFrameworks/SpeechRecognitionCore.framework/Versions/A/SpeechRecognitionCore
0x0000000103e00000 	/Library/Java/JavaVirtualMachines/jdk-9.0.1.jdk/Contents/Home/lib/server/libjvm.dylib
0x00007fff7a624000 	/usr/lib/libstdc++.6.0.9.dylib
0x0000000102def000 	/Library/Java/JavaVirtualMachines/jdk-9.0.1.jdk/Contents/Home/lib/libverify.dylib
0x0000000104aa2000 	/Library/Java/JavaVirtualMachines/jdk-9.0.1.jdk/Contents/Home/lib/libjava.dylib
0x0000000104ad6000 	/Library/Java/JavaVirtualMachines/jdk-9.0.1.jdk/Contents/Home/lib/libjdwp.dylib
0x0000000104b13000 	/Library/Java/JavaVirtualMachines/jdk-9.0.1.jdk/Contents/Home/lib/libinstrument.dylib
0x0000000104ba7000 	/Library/Java/JavaVirtualMachines/jdk-9.0.1.jdk/Contents/Home/lib/libzip.dylib
0x0000000104baf000 	/Library/Java/JavaVirtualMachines/jdk-9.0.1.jdk/Contents/Home/lib/libjimage.dylib
0x000000010ffbd000 	/Library/Java/JavaVirtualMachines/jdk-9.0.1.jdk/Contents/Home/lib/libnio.dylib
0x000000010ffcd000 	/Library/Java/JavaVirtualMachines/jdk-9.0.1.jdk/Contents/Home/lib/./libnet.dylib
0x000000010ffe4000 	/Library/Java/JavaVirtualMachines/jdk-9.0.1.jdk/Contents/Home/lib/libdt_socket.dylib

VM Arguments:
jvm_args: -agentlib:jdwp=transport=dt_socket,address=127.0.0.1:51425,suspend=y,server=n -javaagent:/Users/billsheng/Library/Caches/IntelliJIdea2017.3/captureAgent/debugger-agent.jar=/private/var/folders/gs/j994lb6d5jb4j0bfsw94jgqw0000gn/T/capture.props -Dfile.encoding=UTF-8 
java_command: com.company.DateClient
java_class_path (initial): /Users/billsheng/Desktop/Courses/University of Waterloo/MSCI240- Data Structures and Algorithms/Projects/1/1.1/out/production/1.1:/Users/billsheng/Desktop/Courses/University of Waterloo/MSCI240- Data Structures and Algorithms/Projects/1/1.1/teacherdate.jar:/Applications/IntelliJ IDEA.app/Contents/lib/idea_rt.jar
Launcher Type: SUN_STANDARD

Logging:
Log output configuration:
#0: stdout all=warning uptime,level,tags
#1: stderr all=off uptime,level,tags

Environment Variables:
PATH=/Users/billsheng/anaconda2/bin:/Users/billsheng/anaconda2/bin:/Users/billsheng/anaconda3/bin:/usr/local/bin:/usr/bin:/bin:/usr/sbin:/sbin:/opt/X11/bin
SHELL=/bin/bash

Signal Handlers:
SIGSEGV: [libjvm.dylib+0x73e2dc], sa_mask[0]=11111111011111110111111111111111, sa_flags=SA_ONSTACK|SA_RESTART|SA_SIGINFO
SIGBUS: [libjvm.dylib+0x73e2dc], sa_mask[0]=11111111011111110111111111111111, sa_flags=SA_RESTART|SA_SIGINFO
SIGFPE: [libjvm.dylib+0x73e2dc], sa_mask[0]=11111111011111110111111111111111, sa_flags=SA_RESTART|SA_SIGINFO
SIGPIPE: [libjvm.dylib+0x5f15ac], sa_mask[0]=11111111011111110111111111111111, sa_flags=SA_RESTART|SA_SIGINFO
SIGXFSZ: [libjvm.dylib+0x5f15ac], sa_mask[0]=11111111011111110111111111111111, sa_flags=SA_RESTART|SA_SIGINFO
SIGILL: [libjvm.dylib+0x73e2dc], sa_mask[0]=11111111011111110111111111111111, sa_flags=SA_RESTART|SA_SIGINFO
SIGUSR2: [libjvm.dylib+0x5f1e3c], sa_mask[0]=00100000000000000000000000000000, sa_flags=SA_RESTART|SA_SIGINFO
SIGHUP: [libjvm.dylib+0x5f0679], sa_mask[0]=11111111011111110111111111111111, sa_flags=SA_RESTART|SA_SIGINFO
SIGINT: [libjvm.dylib+0x5f0679], sa_mask[0]=11111111011111110111111111111111, sa_flags=SA_RESTART|SA_SIGINFO
SIGTERM: [libjvm.dylib+0x5f0679], sa_mask[0]=11111111011111110111111111111111, sa_flags=SA_RESTART|SA_SIGINFO
SIGQUIT: [libjvm.dylib+0x5f0679], sa_mask[0]=11111111011111110111111111111111, sa_flags=SA_RESTART|SA_SIGINFO


---------------  S Y S T E M  ---------------

OS:uname:Darwin 17.6.0 Darwin Kernel Version 17.6.0: Tue May  8 15:22:16 PDT 2018; root:xnu-4570.61.1~1/RELEASE_X86_64 x86_64
rlimit: STACK 8192k, CORE 0k, NPROC 709, NOFILE 10240, AS infinity
load average:3.52 3.00 2.55

CPU:total 8 (initial active 8) (4 cores per cpu, 2 threads per core) family 6 model 58 stepping 9, cmov, cx8, fxsr, mmx, sse, sse2, sse3, ssse3, sse4.1, sse4.2, popcnt, avx, aes, clmul, erms, ht, tsc, tscinvbit, tscinv

Memory: 4k page, physical 8388608k(28312k free)

vm_info: Java HotSpot(TM) 64-Bit Server VM (9.0.1+11) for bsd-amd64 JRE (9.0.1+11), built on Sep 28 2017 03:49:57 by "mach5one" with gcc 4.2.1 Compatible Apple LLVM 6.1.0 (clang-602.0.49)

END.
